<?xml version="1.0" encoding="UTF-8"?>
<testsuite xmlns:xsi="http://www.w3.org/2001/XMLSchema-instance" xsi:noNamespaceSchemaLocation="https://maven.apache.org/surefire/maven-surefire-plugin/xsd/surefire-test-report-3.0.xsd" version="3.0" name="TestSuite" time="11.275" tests="3" errors="0" skipped="0" failures="0">
  <properties>
[...]
</properties>
  <testcase name="testArticleCannotBeCreatedWithoutAuthorization" classname="com.anji.test.CreateArticleTest" time="0.553">
    <system-out><![CDATA[2021-11-11 14:13:50 INFO  AnjiRestTestSuite:65 - Starting Test Suite Execution
Request method:	POST
Request URI:	http://localhost:9000/api/users
Proxy:			<none>
Request params:	<none>
Query params:	<none>
Form params:	<none>
Path params:	<none>
Headers:		Accept=*/*
				Content-Type=application/json
Cookies:		<none>
Multiparts:		<none>
Body:
{
    "user": {
        "username": "testuserBruna",
        "email": "joi.kiehn@example.com",
        "password": "wachtwoord"
    }
}
HTTP/1.1 201 Created
Date: Thu, 11 Nov 2021 14:13:54 GMT
Content-Type: application/json;charset=utf-8
access-control-allow-origin: null
access-control-allow-headers: content-type, authorization
access-control-allow-methods: GET, POST, PUT, DELETE, OPTIONS, TRACE, PATCH, PURGE, HEAD
access-control-allow-credentials: true
Content-Length: 272
Server: Jetty(9.4.22.v20191022)

{
    "user": {
        "email": "joi.kiehn@example.com",
        "token": "eyJhbGciOiJIUzI1NiJ9.eyJ1c2VybmFtZSI6InRlc3R1c2VyQnJ1bmEiLCJlbWFpbCI6ImpvaS5raWVobkBleGFtcGxlLmNvbSIsImV4cCI6MTYzNjY3NjAzNH0.kb2b6_PndcLMaLydaBcJc8w-H-XovaVZ9W_OlMDLQao",
        "username": "testuserBruna",
        "bio": null,
        "image": null
    }
}
2021-11-11 14:13:55 INFO  CreateArticleTest:33 - testArticleCannotBeCreatedWithoutAuthorization started
Request method:	POST
Request URI:	http://localhost:9000/api/articles
Proxy:			<none>
Request params:	<none>
Query params:	<none>
Form params:	<none>
Path params:	<none>
Headers:		Accept=*/*
				Content-Type=application/json
Cookies:		<none>
Multiparts:		<none>
Body:
{
    "article": {
        "title": "Quis suscipit debiti",
        "description": "Sed autem omnis.",
        "body": "Molestiae nihil aliquam eaque soluta est. Sit esse voluptas dolorem non nesciunt magni ipsum. Laboriosam totam corporis ut.",
        "tagList": [
            "Sint ",
            "Et ve"
        ],
        "favorited": false,
        "favoritesCount": 0
    }
}
HTTP/1.1 401 Unauthorized
Date: Thu, 11 Nov 2021 14:13:55 GMT
Content-Type: application/json;charset=utf-8
Content-Length: 36
Server: Jetty(9.4.22.v20191022)

{
    "errors": {
        "body": [
            "Unauthorized"
        ]
    }
}
2021-11-11 14:13:55 INFO  CreateArticleTest:39 - testArticleCannotBeCreatedWithoutAuthorization success
]]></system-out>
    <system-err><![CDATA[SLF4J: Failed to load class "org.slf4j.impl.StaticLoggerBinder".
SLF4J: Defaulting to no-operation (NOP) logger implementation
SLF4J: See http://www.slf4j.org/codes.html#StaticLoggerBinder for further details.
]]></system-err>
  </testcase>
  <testcase name="testCreateArticle" classname="com.anji.test.CreateArticleTest" time="1.385">
    <system-out><![CDATA[Request method:	POST
Request URI:	http://localhost:9000/api/users
Proxy:			<none>
Request params:	<none>
Query params:	<none>
Form params:	<none>
Path params:	<none>
Headers:		Accept=*/*
				Content-Type=application/json
Cookies:		<none>
Multiparts:		<none>
Body:
{
    "user": {
        "username": "testuserTimothy",
        "email": "oscar.wisoky@example.com",
        "password": "wachtwoord"
    }
}
HTTP/1.1 201 Created
Date: Thu, 11 Nov 2021 14:13:55 GMT
Content-Type: application/json;charset=utf-8
access-control-allow-origin: null
access-control-allow-headers: content-type, authorization
access-control-allow-methods: GET, POST, PUT, DELETE, OPTIONS, TRACE, PATCH, PURGE, HEAD
access-control-allow-credentials: true
Content-Length: 284
Server: Jetty(9.4.22.v20191022)

{
    "user": {
        "email": "oscar.wisoky@example.com",
        "token": "eyJhbGciOiJIUzI1NiJ9.eyJ1c2VybmFtZSI6InRlc3R1c2VyVGltb3RoeSIsImVtYWlsIjoib3NjYXIud2lzb2t5QGV4YW1wbGUuY29tIiwiZXhwIjoxNjM2Njc2MDM1fQ.S0uJSR9q20zccNj7d7sjEb0QGg5JYhGPjzJPAe4ACiA",
        "username": "testuserTimothy",
        "bio": null,
        "image": null
    }
}
2021-11-11 14:13:55 INFO  CreateArticleTest:33 - testCreateArticle started
Request method:	GET
Request URI:	http://localhost:9000/api/articles?author=testuserTimothy
Proxy:			<none>
Request params:	<none>
Query params:	author=testuserTimothy
Form params:	<none>
Path params:	<none>
Headers:		Accept=*/*
				Content-Type=application/json
Cookies:		<none>
Multiparts:		<none>
Body:			<none>
HTTP/1.1 200 OK
Date: Thu, 11 Nov 2021 14:13:55 GMT
Content-Type: application/json;charset=utf-8
access-control-allow-origin: null
access-control-allow-headers: content-type, authorization
access-control-allow-methods: GET, POST, PUT, DELETE, OPTIONS, TRACE, PATCH, PURGE, HEAD
access-control-allow-credentials: true
Content-Length: 33
Server: Jetty(9.4.22.v20191022)

{
    "articles": [
        
    ],
    "articlesCount": 0
}
2021-11-11 14:13:56 INFO  ClientService:26 - Getting client for the user: oscar.wisoky@example.com
2021-11-11 14:13:56 INFO  ClientService:43 - Not getting user from cache
2021-11-11 14:13:56 INFO  ClientService:47 - Login as oscar.wisoky@example.com
Request method:	POST
Request URI:	http://localhost:9000/api/users/login
Proxy:			<none>
Request params:	<none>
Query params:	<none>
Form params:	<none>
Path params:	<none>
Headers:		Accept=*/*
				Content-Type=application/json
Cookies:		<none>
Multiparts:		<none>
Body:
{
    "user": {
        "email": "oscar.wisoky@example.com",
        "password": "wachtwoord"
    }
}
HTTP/1.1 200 OK
Date: Thu, 11 Nov 2021 14:13:56 GMT
Content-Type: application/json;charset=utf-8
access-control-allow-origin: null
access-control-allow-headers: content-type, authorization
access-control-allow-methods: GET, POST, PUT, DELETE, OPTIONS, TRACE, PATCH, PURGE, HEAD
access-control-allow-credentials: true
Content-Length: 282
Server: Jetty(9.4.22.v20191022)

{
    "user": {
        "email": "oscar.wisoky@example.com",
        "token": "eyJhbGciOiJIUzI1NiJ9.eyJ1c2VybmFtZSI6InRlc3R1c2VyVGltb3RoeSIsImVtYWlsIjoib3NjYXIud2lzb2t5QGV4YW1wbGUuY29tIiwiZXhwIjoxNjM2Njc2MDM2fQ.4a82wAd8nJFnP7hvLlcKlcD6_IncmchxNCgVAJJ1v2M",
        "username": "testuserTimothy",
        "bio": "",
        "image": null
    }
}
2021-11-11 14:13:56 INFO  Client:49 - Login is successful for the user: oscar.wisoky@example.com
Request method:	POST
Request URI:	http://localhost:9000/api/articles
Proxy:			<none>
Request params:	<none>
Query params:	<none>
Form params:	<none>
Path params:	<none>
Headers:		Authorization=Token eyJhbGciOiJIUzI1NiJ9.eyJ1c2VybmFtZSI6InRlc3R1c2VyVGltb3RoeSIsImVtYWlsIjoib3NjYXIud2lzb2t5QGV4YW1wbGUuY29tIiwiZXhwIjoxNjM2Njc2MDM2fQ.4a82wAd8nJFnP7hvLlcKlcD6_IncmchxNCgVAJJ1v2M
				Accept=*/*
				Content-Type=application/json
Cookies:		<none>
Multiparts:		<none>
Body:
{
    "article": {
        "title": "Veritatis quibusdam ",
        "description": "Eos hic facilis exercitationem tenetur possimus sint dicta.",
        "body": "Aspernatur omnis vel autem quae est distinctio. Sequi earum velit a minima. Dolor eum est est ex fugit aut. Pariatur officiis magnam quo at magnam doloribus. Quas harum ut nam quos et.",
        "tagList": [
            "Sit q",
            "Adipi"
        ],
        "favorited": false,
        "favoritesCount": 0
    }
}
HTTP/1.1 201 Created
Date: Thu, 11 Nov 2021 14:13:56 GMT
Content-Type: application/json;charset=utf-8
access-control-allow-origin: null
access-control-allow-headers: content-type, authorization
access-control-allow-methods: GET, POST, PUT, DELETE, OPTIONS, TRACE, PATCH, PURGE, HEAD
access-control-allow-credentials: true
Content-Length: 567
Server: Jetty(9.4.22.v20191022)

{
    "article": {
        "slug": "Veritatis-quibusdam-",
        "title": "Veritatis quibusdam ",
        "description": "Eos hic facilis exercitationem tenetur possimus sint dicta.",
        "body": "Aspernatur omnis vel autem quae est distinctio. Sequi earum velit a minima. Dolor eum est est ex fugit aut. Pariatur officiis magnam quo at magnam doloribus. Quas harum ut nam quos et.",
        "tagList": [
            "Sit q",
            "Adipi"
        ],
        "createdAt": "2021-11-11T14:13:56.481Z",
        "updatedAt": "2021-11-11T14:13:56.481Z",
        "favorited": false,
        "favoritesCount": 0,
        "author": {
            "username": "testuserTimothy",
            "bio": "",
            "image": null,
            "following": false
        }
    }
}
Request method:	GET
Request URI:	http://localhost:9000/api/articles?author=testuserTimothy
Proxy:			<none>
Request params:	<none>
Query params:	author=testuserTimothy
Form params:	<none>
Path params:	<none>
Headers:		Accept=*/*
				Content-Type=application/json
Cookies:		<none>
Multiparts:		<none>
Body:			<none>
HTTP/1.1 200 OK
Date: Thu, 11 Nov 2021 14:13:56 GMT
Content-Type: application/json;charset=utf-8
access-control-allow-origin: null
access-control-allow-headers: content-type, authorization
access-control-allow-methods: GET, POST, PUT, DELETE, OPTIONS, TRACE, PATCH, PURGE, HEAD
access-control-allow-credentials: true
Content-Length: 588
Server: Jetty(9.4.22.v20191022)

{
    "articles": [
        {
            "slug": "Veritatis-quibusdam-",
            "title": "Veritatis quibusdam ",
            "description": "Eos hic facilis exercitationem tenetur possimus sint dicta.",
            "body": "Aspernatur omnis vel autem quae est distinctio. Sequi earum velit a minima. Dolor eum est est ex fugit aut. Pariatur officiis magnam quo at magnam doloribus. Quas harum ut nam quos et.",
            "tagList": [
                "Sit q",
                "Adipi"
            ],
            "createdAt": "2021-11-11T14:13:56.481Z",
            "updatedAt": "2021-11-11T14:13:56.481Z",
            "favorited": false,
            "favoritesCount": 0,
            "author": {
                "username": "testuserTimothy",
                "bio": "",
                "image": null,
                "following": false
            }
        }
    ],
    "articlesCount": 1
}
2021-11-11 14:13:57 INFO  CreateArticleTest:39 - testCreateArticle success
]]></system-out>
  </testcase>
  <testcase name="testCreateArticleWithSpecialCharacters" classname="com.anji.test.CreateArticleTest" time="0.951">
    <system-out><![CDATA[Request method:	POST
Request URI:	http://localhost:9000/api/users
Proxy:			<none>
Request params:	<none>
Query params:	<none>
Form params:	<none>
Path params:	<none>
Headers:		Accept=*/*
				Content-Type=application/json
Cookies:		<none>
Multiparts:		<none>
Body:
{
    "user": {
        "username": "testuserHerschel",
        "email": "gordon.wiza@example.com",
        "password": "wachtwoord"
    }
}
HTTP/1.1 201 Created
Date: Thu, 11 Nov 2021 14:13:57 GMT
Content-Type: application/json;charset=utf-8
access-control-allow-origin: null
access-control-allow-headers: content-type, authorization
access-control-allow-methods: GET, POST, PUT, DELETE, OPTIONS, TRACE, PATCH, PURGE, HEAD
access-control-allow-credentials: true
Content-Length: 284
Server: Jetty(9.4.22.v20191022)

{
    "user": {
        "email": "gordon.wiza@example.com",
        "token": "eyJhbGciOiJIUzI1NiJ9.eyJ1c2VybmFtZSI6InRlc3R1c2VySGVyc2NoZWwiLCJlbWFpbCI6ImdvcmRvbi53aXphQGV4YW1wbGUuY29tIiwiZXhwIjoxNjM2Njc2MDM3fQ.WirNtcKqAe7vJXw7Z-pvxFNc399WD06auJEG2eNw2Jg",
        "username": "testuserHerschel",
        "bio": null,
        "image": null
    }
}
2021-11-11 14:13:57 INFO  CreateArticleTest:33 - testCreateArticleWithSpecialCharacters started
Request method:	GET
Request URI:	http://localhost:9000/api/articles?author=testuserHerschel
Proxy:			<none>
Request params:	<none>
Query params:	author=testuserHerschel
Form params:	<none>
Path params:	<none>
Headers:		Accept=*/*
				Content-Type=application/json
Cookies:		<none>
Multiparts:		<none>
Body:			<none>
HTTP/1.1 200 OK
Date: Thu, 11 Nov 2021 14:13:57 GMT
Content-Type: application/json;charset=utf-8
access-control-allow-origin: null
access-control-allow-headers: content-type, authorization
access-control-allow-methods: GET, POST, PUT, DELETE, OPTIONS, TRACE, PATCH, PURGE, HEAD
access-control-allow-credentials: true
Content-Length: 33
Server: Jetty(9.4.22.v20191022)

{
    "articles": [
        
    ],
    "articlesCount": 0
}
2021-11-11 14:13:57 INFO  ClientService:26 - Getting client for the user: gordon.wiza@example.com
2021-11-11 14:13:57 INFO  ClientService:43 - Not getting user from cache
2021-11-11 14:13:57 INFO  ClientService:47 - Login as gordon.wiza@example.com
Request method:	POST
Request URI:	http://localhost:9000/api/users/login
Proxy:			<none>
Request params:	<none>
Query params:	<none>
Form params:	<none>
Path params:	<none>
Headers:		Accept=*/*
				Content-Type=application/json
Cookies:		<none>
Multiparts:		<none>
Body:
{
    "user": {
        "email": "gordon.wiza@example.com",
        "password": "wachtwoord"
    }
}
HTTP/1.1 200 OK
Date: Thu, 11 Nov 2021 14:13:57 GMT
Content-Type: application/json;charset=utf-8
access-control-allow-origin: null
access-control-allow-headers: content-type, authorization
access-control-allow-methods: GET, POST, PUT, DELETE, OPTIONS, TRACE, PATCH, PURGE, HEAD
access-control-allow-credentials: true
Content-Length: 282
Server: Jetty(9.4.22.v20191022)

{
    "user": {
        "email": "gordon.wiza@example.com",
        "token": "eyJhbGciOiJIUzI1NiJ9.eyJ1c2VybmFtZSI6InRlc3R1c2VySGVyc2NoZWwiLCJlbWFpbCI6ImdvcmRvbi53aXphQGV4YW1wbGUuY29tIiwiZXhwIjoxNjM2Njc2MDM3fQ.WirNtcKqAe7vJXw7Z-pvxFNc399WD06auJEG2eNw2Jg",
        "username": "testuserHerschel",
        "bio": "",
        "image": null
    }
}
2021-11-11 14:13:57 INFO  Client:49 - Login is successful for the user: gordon.wiza@example.com
Request method:	POST
Request URI:	http://localhost:9000/api/articles
Proxy:			<none>
Request params:	<none>
Query params:	<none>
Form params:	<none>
Path params:	<none>
Headers:		Authorization=Token eyJhbGciOiJIUzI1NiJ9.eyJ1c2VybmFtZSI6InRlc3R1c2VySGVyc2NoZWwiLCJlbWFpbCI6ImdvcmRvbi53aXphQGV4YW1wbGUuY29tIiwiZXhwIjoxNjM2Njc2MDM3fQ.WirNtcKqAe7vJXw7Z-pvxFNc399WD06auJEG2eNw2Jg
				Accept=*/*
				Content-Type=application/json
Cookies:		<none>
Multiparts:		<none>
Body:
{
    "article": {
        "title": "Vero consequuntur au",
        "description": "Repudiandae reprehenderit vel explicabo itaque.",
        "body": "Voluptatem reiciendis explicabo explicabo. Ex sit saepe id alias laborum quo explicabo. Sint iste vitae quia suscipit ut. Aliquid est incidunt itaque tenetur sit voluptatem qui.",
        "tagList": [
            "Dolor",
            "Qui d"
        ],
        "favorited": false,
        "favoritesCount": 0
    }
}
HTTP/1.1 201 Created
Date: Thu, 11 Nov 2021 14:13:57 GMT
Content-Type: application/json;charset=utf-8
access-control-allow-origin: null
access-control-allow-headers: content-type, authorization
access-control-allow-methods: GET, POST, PUT, DELETE, OPTIONS, TRACE, PATCH, PURGE, HEAD
access-control-allow-credentials: true
Content-Length: 549
Server: Jetty(9.4.22.v20191022)

{
    "article": {
        "slug": "Vero-consequuntur-au",
        "title": "Vero consequuntur au",
        "description": "Repudiandae reprehenderit vel explicabo itaque.",
        "body": "Voluptatem reiciendis explicabo explicabo. Ex sit saepe id alias laborum quo explicabo. Sint iste vitae quia suscipit ut. Aliquid est incidunt itaque tenetur sit voluptatem qui.",
        "tagList": [
            "Dolor",
            "Qui d"
        ],
        "createdAt": "2021-11-11T14:13:57.786Z",
        "updatedAt": "2021-11-11T14:13:57.786Z",
        "favorited": false,
        "favoritesCount": 0,
        "author": {
            "username": "testuserHerschel",
            "bio": "",
            "image": null,
            "following": false
        }
    }
}
Request method:	GET
Request URI:	http://localhost:9000/api/articles?author=testuserHerschel
Proxy:			<none>
Request params:	<none>
Query params:	author=testuserHerschel
Form params:	<none>
Path params:	<none>
Headers:		Accept=*/*
				Content-Type=application/json
Cookies:		<none>
Multiparts:		<none>
Body:			<none>
HTTP/1.1 200 OK
Date: Thu, 11 Nov 2021 14:13:58 GMT
Content-Type: application/json;charset=utf-8
access-control-allow-origin: null
access-control-allow-headers: content-type, authorization
access-control-allow-methods: GET, POST, PUT, DELETE, OPTIONS, TRACE, PATCH, PURGE, HEAD
access-control-allow-credentials: true
Content-Length: 570
Server: Jetty(9.4.22.v20191022)

{
    "articles": [
        {
            "slug": "Vero-consequuntur-au",
            "title": "Vero consequuntur au",
            "description": "Repudiandae reprehenderit vel explicabo itaque.",
            "body": "Voluptatem reiciendis explicabo explicabo. Ex sit saepe id alias laborum quo explicabo. Sint iste vitae quia suscipit ut. Aliquid est incidunt itaque tenetur sit voluptatem qui.",
            "tagList": [
                "Dolor",
                "Qui d"
            ],
            "createdAt": "2021-11-11T14:13:57.786Z",
            "updatedAt": "2021-11-11T14:13:57.786Z",
            "favorited": false,
            "favoritesCount": 0,
            "author": {
                "username": "testuserHerschel",
                "bio": "",
                "image": null,
                "following": false
            }
        }
    ],
    "articlesCount": 1
}
2021-11-11 14:13:58 INFO  CreateArticleTest:39 - testCreateArticleWithSpecialCharacters success
]]></system-out>
  </testcase>
</testsuite>