<?xml version="1.0" encoding="UTF-8"?>
<testng-results skipped="0" failed="0" ignored="0" total="3" passed="3">
  <reporter-output>
  </reporter-output>
  <suite name="AnjiRestTestSuite" duration-ms="5490" started-at="2021-11-11T13:57:31Z" finished-at="2021-11-11T13:57:36Z">
    <groups>
    </groups>
    <test name="AnjiRestTest" duration-ms="5490" started-at="2021-11-11T13:57:31Z" finished-at="2021-11-11T13:57:36Z">
      <class name="com.anji.test.CreateArticleTest">
        <test-method status="PASS" signature="registerUser()[pri:0, instance:com.anji.test.CreateArticleTest@7899de11]" name="registerUser" is-config="true" duration-ms="2416" started-at="2021-11-11T13:57:31Z" finished-at="2021-11-11T13:57:33Z">
          <reporter-output>
          </reporter-output>
        </test-method> <!-- registerUser -->
        <test-method status="PASS" signature="testArticleCannotBeCreatedWithoutAuthorization()[pri:0, instance:com.anji.test.CreateArticleTest@7899de11]" name="testArticleCannotBeCreatedWithoutAuthorization" duration-ms="472" started-at="2021-11-11T13:57:33Z" description="Testing if user can create the article without token or not" finished-at="2021-11-11T13:57:34Z">
          <reporter-output>
          </reporter-output>
        </test-method> <!-- testArticleCannotBeCreatedWithoutAuthorization -->
        <test-method status="PASS" signature="registerUser()[pri:0, instance:com.anji.test.CreateArticleTest@7899de11]" name="registerUser" is-config="true" duration-ms="52" started-at="2021-11-11T13:57:34Z" finished-at="2021-11-11T13:57:34Z">
          <reporter-output>
          </reporter-output>
        </test-method> <!-- registerUser -->
        <test-method status="PASS" signature="testCreateArticle()[pri:0, instance:com.anji.test.CreateArticleTest@7899de11]" name="testCreateArticle" duration-ms="1260" started-at="2021-11-11T13:57:34Z" description="Testing if valid user can create the article or not" finished-at="2021-11-11T13:57:35Z">
          <reporter-output>
          </reporter-output>
        </test-method> <!-- testCreateArticle -->
        <test-method status="PASS" signature="registerUser()[pri:0, instance:com.anji.test.CreateArticleTest@7899de11]" name="registerUser" is-config="true" duration-ms="239" started-at="2021-11-11T13:57:35Z" finished-at="2021-11-11T13:57:35Z">
          <reporter-output>
          </reporter-output>
        </test-method> <!-- registerUser -->
        <test-method status="PASS" signature="testCreateArticleWithSpecialCharacters()[pri:0, instance:com.anji.test.CreateArticleTest@7899de11]" name="testCreateArticleWithSpecialCharacters" duration-ms="944" started-at="2021-11-11T13:57:35Z" description="Testing if valid user can create the article or not with special characters" finished-at="2021-11-11T13:57:36Z">
          <reporter-output>
          </reporter-output>
        </test-method> <!-- testCreateArticleWithSpecialCharacters -->
      </class> <!-- com.anji.test.CreateArticleTest -->
    </test> <!-- AnjiRestTest -->
  </suite> <!-- AnjiRestTestSuite -->
</testng-results>
