<?xml version="1.0" encoding="UTF-8"?>
<testsuite xmlns:xsi="http://www.w3.org/2001/XMLSchema-instance" xsi:noNamespaceSchemaLocation="https://maven.apache.org/surefire/maven-surefire-plugin/xsd/surefire-test-report-3.0.xsd" version="3.0" name="TestSuite" time="7.504" tests="3" errors="0" skipped="0" failures="0">
  <properties>
[...]
</properties>
  <testcase name="testArticleCannotBeCreatedWithoutAuthorization" classname="com.anji.test.CreateArticleTest" time="0.555">
    <system-out><![CDATA[2021-11-11 14:53:45 INFO  AnjiRestTestSuite:65 - Starting Test Suite Execution
Request method:	POST
Request URI:	http://localhost:9000/api/users
Proxy:			<none>
Request params:	<none>
Query params:	<none>
Form params:	<none>
Path params:	<none>
Headers:		Accept=*/*
				Content-Type=application/json
Cookies:		<none>
Multiparts:		<none>
Body:
{
    "user": {
        "username": "testuserGloria",
        "email": "wenona.white@example.com",
        "password": "wachtwoord"
    }
}
HTTP/1.1 201 Created
Date: Thu, 11 Nov 2021 14:53:47 GMT
Content-Type: application/json;charset=utf-8
access-control-allow-origin: null
access-control-allow-headers: content-type, authorization
access-control-allow-methods: GET, POST, PUT, DELETE, OPTIONS, TRACE, PATCH, PURGE, HEAD
access-control-allow-credentials: true
Content-Length: 281
Server: Jetty(9.4.22.v20191022)

{
    "user": {
        "email": "wenona.white@example.com",
        "token": "eyJhbGciOiJIUzI1NiJ9.eyJ1c2VybmFtZSI6InRlc3R1c2VyR2xvcmlhIiwiZW1haWwiOiJ3ZW5vbmEud2hpdGVAZXhhbXBsZS5jb20iLCJleHAiOjE2MzY2Nzg0Mjd9.g7I1aL7KvBC9pHGQng1knPCkUByEUjkSPJhHJyL_44I",
        "username": "testuserGloria",
        "bio": null,
        "image": null
    }
}
2021-11-11 14:53:48 INFO  CreateArticleTest:33 - testArticleCannotBeCreatedWithoutAuthorization started
Request method:	POST
Request URI:	http://localhost:9000/api/articles
Proxy:			<none>
Request params:	<none>
Query params:	<none>
Form params:	<none>
Path params:	<none>
Headers:		Accept=*/*
				Content-Type=application/json
Cookies:		<none>
Multiparts:		<none>
Body:
{
    "article": {
        "title": "Quasi perferendis au",
        "description": "Dolor molestias facilis repudiandae.",
        "body": "Necessitatibus beatae at consequatur ea suscipit. Sit omnis est suscipit. Et dolorem cumque culpa nesciunt.",
        "tagList": [
            "Reici",
            "Archi"
        ],
        "favorited": false,
        "favoritesCount": 0
    }
}
HTTP/1.1 401 Unauthorized
Date: Thu, 11 Nov 2021 14:53:48 GMT
Content-Type: application/json;charset=utf-8
Content-Length: 36
Server: Jetty(9.4.22.v20191022)

{
    "errors": {
        "body": [
            "Unauthorized"
        ]
    }
}
2021-11-11 14:53:48 INFO  CreateArticleTest:39 - testArticleCannotBeCreatedWithoutAuthorization success
]]></system-out>
    <system-err><![CDATA[SLF4J: Failed to load class "org.slf4j.impl.StaticLoggerBinder".
SLF4J: Defaulting to no-operation (NOP) logger implementation
SLF4J: See http://www.slf4j.org/codes.html#StaticLoggerBinder for further details.
]]></system-err>
  </testcase>
  <testcase name="testCreateArticle" classname="com.anji.test.CreateArticleTest" time="1.233">
    <system-out><![CDATA[Request method:	POST
Request URI:	http://localhost:9000/api/users
Proxy:			<none>
Request params:	<none>
Query params:	<none>
Form params:	<none>
Path params:	<none>
Headers:		Accept=*/*
				Content-Type=application/json
Cookies:		<none>
Multiparts:		<none>
Body:
{
    "user": {
        "username": "testuserFrankie",
        "email": "kattie.king@example.com",
        "password": "wachtwoord"
    }
}
HTTP/1.1 201 Created
Date: Thu, 11 Nov 2021 14:53:48 GMT
Content-Type: application/json;charset=utf-8
access-control-allow-origin: null
access-control-allow-headers: content-type, authorization
access-control-allow-methods: GET, POST, PUT, DELETE, OPTIONS, TRACE, PATCH, PURGE, HEAD
access-control-allow-credentials: true
Content-Length: 281
Server: Jetty(9.4.22.v20191022)

{
    "user": {
        "email": "kattie.king@example.com",
        "token": "eyJhbGciOiJIUzI1NiJ9.eyJ1c2VybmFtZSI6InRlc3R1c2VyRnJhbmtpZSIsImVtYWlsIjoia2F0dGllLmtpbmdAZXhhbXBsZS5jb20iLCJleHAiOjE2MzY2Nzg0Mjh9.xWaoY2qy2dYDFO0kg2byMlJEZkpdo7Hcmjv8JPma8wA",
        "username": "testuserFrankie",
        "bio": null,
        "image": null
    }
}
2021-11-11 14:53:48 INFO  CreateArticleTest:33 - testCreateArticle started
Request method:	GET
Request URI:	http://localhost:9000/api/articles?author=testuserFrankie
Proxy:			<none>
Request params:	<none>
Query params:	author=testuserFrankie
Form params:	<none>
Path params:	<none>
Headers:		Accept=*/*
				Content-Type=application/json
Cookies:		<none>
Multiparts:		<none>
Body:			<none>
HTTP/1.1 200 OK
Date: Thu, 11 Nov 2021 14:53:48 GMT
Content-Type: application/json;charset=utf-8
access-control-allow-origin: null
access-control-allow-headers: content-type, authorization
access-control-allow-methods: GET, POST, PUT, DELETE, OPTIONS, TRACE, PATCH, PURGE, HEAD
access-control-allow-credentials: true
Content-Length: 33
Server: Jetty(9.4.22.v20191022)

{
    "articles": [
        
    ],
    "articlesCount": 0
}
2021-11-11 14:53:49 INFO  ClientService:26 - Getting client for the user: kattie.king@example.com
2021-11-11 14:53:49 INFO  ClientService:43 - Not getting user from cache
2021-11-11 14:53:49 INFO  ClientService:47 - Login as kattie.king@example.com
Request method:	POST
Request URI:	http://localhost:9000/api/users/login
Proxy:			<none>
Request params:	<none>
Query params:	<none>
Form params:	<none>
Path params:	<none>
Headers:		Accept=*/*
				Content-Type=application/json
Cookies:		<none>
Multiparts:		<none>
Body:
{
    "user": {
        "email": "kattie.king@example.com",
        "password": "wachtwoord"
    }
}
HTTP/1.1 200 OK
Date: Thu, 11 Nov 2021 14:53:49 GMT
Content-Type: application/json;charset=utf-8
access-control-allow-origin: null
access-control-allow-headers: content-type, authorization
access-control-allow-methods: GET, POST, PUT, DELETE, OPTIONS, TRACE, PATCH, PURGE, HEAD
access-control-allow-credentials: true
Content-Length: 279
Server: Jetty(9.4.22.v20191022)

{
    "user": {
        "email": "kattie.king@example.com",
        "token": "eyJhbGciOiJIUzI1NiJ9.eyJ1c2VybmFtZSI6InRlc3R1c2VyRnJhbmtpZSIsImVtYWlsIjoia2F0dGllLmtpbmdAZXhhbXBsZS5jb20iLCJleHAiOjE2MzY2Nzg0Mjl9.a74oXMSnFrJWhogTav-pDVdMOb93N5xAb6DHMp0uxJM",
        "username": "testuserFrankie",
        "bio": "",
        "image": null
    }
}
2021-11-11 14:53:49 INFO  Client:49 - Login is successful for the user: kattie.king@example.com
Request method:	POST
Request URI:	http://localhost:9000/api/articles
Proxy:			<none>
Request params:	<none>
Query params:	<none>
Form params:	<none>
Path params:	<none>
Headers:		Authorization=Token eyJhbGciOiJIUzI1NiJ9.eyJ1c2VybmFtZSI6InRlc3R1c2VyRnJhbmtpZSIsImVtYWlsIjoia2F0dGllLmtpbmdAZXhhbXBsZS5jb20iLCJleHAiOjE2MzY2Nzg0Mjl9.a74oXMSnFrJWhogTav-pDVdMOb93N5xAb6DHMp0uxJM
				Accept=*/*
				Content-Type=application/json
Cookies:		<none>
Multiparts:		<none>
Body:
{
    "article": {
        "title": "Id quae aut et.Unde ",
        "description": "Modi necessitatibus magnam.",
        "body": "Est eos quis dolor odit consequuntur culpa. Expedita molestiae nulla dicta nemo necessitatibus nulla. Sequi saepe perspiciatis.",
        "tagList": [
            "Aliqu",
            "Conse"
        ],
        "favorited": false,
        "favoritesCount": 0
    }
}
HTTP/1.1 201 Created
Date: Thu, 11 Nov 2021 14:53:49 GMT
Content-Type: application/json;charset=utf-8
access-control-allow-origin: null
access-control-allow-headers: content-type, authorization
access-control-allow-methods: GET, POST, PUT, DELETE, OPTIONS, TRACE, PATCH, PURGE, HEAD
access-control-allow-credentials: true
Content-Length: 478
Server: Jetty(9.4.22.v20191022)

{
    "article": {
        "slug": "Id-quae-aut-et.Unde-",
        "title": "Id quae aut et.Unde ",
        "description": "Modi necessitatibus magnam.",
        "body": "Est eos quis dolor odit consequuntur culpa. Expedita molestiae nulla dicta nemo necessitatibus nulla. Sequi saepe perspiciatis.",
        "tagList": [
            "Aliqu",
            "Conse"
        ],
        "createdAt": "2021-11-11T14:53:49.614Z",
        "updatedAt": "2021-11-11T14:53:49.614Z",
        "favorited": false,
        "favoritesCount": 0,
        "author": {
            "username": "testuserFrankie",
            "bio": "",
            "image": null,
            "following": false
        }
    }
}
Request method:	GET
Request URI:	http://localhost:9000/api/articles?author=testuserFrankie
Proxy:			<none>
Request params:	<none>
Query params:	author=testuserFrankie
Form params:	<none>
Path params:	<none>
Headers:		Accept=*/*
				Content-Type=application/json
Cookies:		<none>
Multiparts:		<none>
Body:			<none>
HTTP/1.1 200 OK
Date: Thu, 11 Nov 2021 14:53:49 GMT
Content-Type: application/json;charset=utf-8
access-control-allow-origin: null
access-control-allow-headers: content-type, authorization
access-control-allow-methods: GET, POST, PUT, DELETE, OPTIONS, TRACE, PATCH, PURGE, HEAD
access-control-allow-credentials: true
Content-Length: 499
Server: Jetty(9.4.22.v20191022)

{
    "articles": [
        {
            "slug": "Id-quae-aut-et.Unde-",
            "title": "Id quae aut et.Unde ",
            "description": "Modi necessitatibus magnam.",
            "body": "Est eos quis dolor odit consequuntur culpa. Expedita molestiae nulla dicta nemo necessitatibus nulla. Sequi saepe perspiciatis.",
            "tagList": [
                "Aliqu",
                "Conse"
            ],
            "createdAt": "2021-11-11T14:53:49.614Z",
            "updatedAt": "2021-11-11T14:53:49.614Z",
            "favorited": false,
            "favoritesCount": 0,
            "author": {
                "username": "testuserFrankie",
                "bio": "",
                "image": null,
                "following": false
            }
        }
    ],
    "articlesCount": 1
}
2021-11-11 14:53:50 INFO  CreateArticleTest:39 - testCreateArticle success
]]></system-out>
  </testcase>
  <testcase name="testCreateArticleWithSpecialCharacters" classname="com.anji.test.CreateArticleTest" time="0.917">
    <system-out><![CDATA[Request method:	POST
Request URI:	http://localhost:9000/api/users
Proxy:			<none>
Request params:	<none>
Query params:	<none>
Form params:	<none>
Path params:	<none>
Headers:		Accept=*/*
				Content-Type=application/json
Cookies:		<none>
Multiparts:		<none>
Body:
{
    "user": {
        "username": "testuserMarla",
        "email": "athena.dibbert@example.com",
        "password": "wachtwoord"
    }
}
HTTP/1.1 201 Created
Date: Thu, 11 Nov 2021 14:53:50 GMT
Content-Type: application/json;charset=utf-8
access-control-allow-origin: null
access-control-allow-headers: content-type, authorization
access-control-allow-methods: GET, POST, PUT, DELETE, OPTIONS, TRACE, PATCH, PURGE, HEAD
access-control-allow-credentials: true
Content-Length: 284
Server: Jetty(9.4.22.v20191022)

{
    "user": {
        "email": "athena.dibbert@example.com",
        "token": "eyJhbGciOiJIUzI1NiJ9.eyJ1c2VybmFtZSI6InRlc3R1c2VyTWFybGEiLCJlbWFpbCI6ImF0aGVuYS5kaWJiZXJ0QGV4YW1wbGUuY29tIiwiZXhwIjoxNjM2Njc4NDMwfQ.WNOFaEYoasHRffaf8JoGeR7_nJBp6xMIzPBAUBrMIGE",
        "username": "testuserMarla",
        "bio": null,
        "image": null
    }
}
2021-11-11 14:53:50 INFO  CreateArticleTest:33 - testCreateArticleWithSpecialCharacters started
Request method:	GET
Request URI:	http://localhost:9000/api/articles?author=testuserMarla
Proxy:			<none>
Request params:	<none>
Query params:	author=testuserMarla
Form params:	<none>
Path params:	<none>
Headers:		Accept=*/*
				Content-Type=application/json
Cookies:		<none>
Multiparts:		<none>
Body:			<none>
HTTP/1.1 200 OK
Date: Thu, 11 Nov 2021 14:53:50 GMT
Content-Type: application/json;charset=utf-8
access-control-allow-origin: null
access-control-allow-headers: content-type, authorization
access-control-allow-methods: GET, POST, PUT, DELETE, OPTIONS, TRACE, PATCH, PURGE, HEAD
access-control-allow-credentials: true
Content-Length: 33
Server: Jetty(9.4.22.v20191022)

{
    "articles": [
        
    ],
    "articlesCount": 0
}
2021-11-11 14:53:50 INFO  ClientService:26 - Getting client for the user: athena.dibbert@example.com
2021-11-11 14:53:50 INFO  ClientService:43 - Not getting user from cache
2021-11-11 14:53:50 INFO  ClientService:47 - Login as athena.dibbert@example.com
Request method:	POST
Request URI:	http://localhost:9000/api/users/login
Proxy:			<none>
Request params:	<none>
Query params:	<none>
Form params:	<none>
Path params:	<none>
Headers:		Accept=*/*
				Content-Type=application/json
Cookies:		<none>
Multiparts:		<none>
Body:
{
    "user": {
        "email": "athena.dibbert@example.com",
        "password": "wachtwoord"
    }
}
HTTP/1.1 200 OK
Date: Thu, 11 Nov 2021 14:53:50 GMT
Content-Type: application/json;charset=utf-8
access-control-allow-origin: null
access-control-allow-headers: content-type, authorization
access-control-allow-methods: GET, POST, PUT, DELETE, OPTIONS, TRACE, PATCH, PURGE, HEAD
access-control-allow-credentials: true
Content-Length: 282
Server: Jetty(9.4.22.v20191022)

{
    "user": {
        "email": "athena.dibbert@example.com",
        "token": "eyJhbGciOiJIUzI1NiJ9.eyJ1c2VybmFtZSI6InRlc3R1c2VyTWFybGEiLCJlbWFpbCI6ImF0aGVuYS5kaWJiZXJ0QGV4YW1wbGUuY29tIiwiZXhwIjoxNjM2Njc4NDMwfQ.WNOFaEYoasHRffaf8JoGeR7_nJBp6xMIzPBAUBrMIGE",
        "username": "testuserMarla",
        "bio": "",
        "image": null
    }
}
2021-11-11 14:53:50 INFO  Client:49 - Login is successful for the user: athena.dibbert@example.com
Request method:	POST
Request URI:	http://localhost:9000/api/articles
Proxy:			<none>
Request params:	<none>
Query params:	<none>
Form params:	<none>
Path params:	<none>
Headers:		Authorization=Token eyJhbGciOiJIUzI1NiJ9.eyJ1c2VybmFtZSI6InRlc3R1c2VyTWFybGEiLCJlbWFpbCI6ImF0aGVuYS5kaWJiZXJ0QGV4YW1wbGUuY29tIiwiZXhwIjoxNjM2Njc4NDMwfQ.WNOFaEYoasHRffaf8JoGeR7_nJBp6xMIzPBAUBrMIGE
				Accept=*/*
				Content-Type=application/json
Cookies:		<none>
Multiparts:		<none>
Body:
{
    "article": {
        "title": "Exercitationem solut",
        "description": "Ut impedit quaerat aut et officia nemo.",
        "body": "Est unde dolorem repudiandae consequatur id. Quo pariatur nam explicabo beatae iure cupiditate. Itaque maiores eum. Eos fuga soluta voluptatibus placeat.",
        "tagList": [
            "Facil",
            "Asper"
        ],
        "favorited": false,
        "favoritesCount": 0
    }
}
HTTP/1.1 201 Created
Date: Thu, 11 Nov 2021 14:53:50 GMT
Content-Type: application/json;charset=utf-8
access-control-allow-origin: null
access-control-allow-headers: content-type, authorization
access-control-allow-methods: GET, POST, PUT, DELETE, OPTIONS, TRACE, PATCH, PURGE, HEAD
access-control-allow-credentials: true
Content-Length: 514
Server: Jetty(9.4.22.v20191022)

{
    "article": {
        "slug": "Exercitationem-solut",
        "title": "Exercitationem solut",
        "description": "Ut impedit quaerat aut et officia nemo.",
        "body": "Est unde dolorem repudiandae consequatur id. Quo pariatur nam explicabo beatae iure cupiditate. Itaque maiores eum. Eos fuga soluta voluptatibus placeat.",
        "tagList": [
            "Facil",
            "Asper"
        ],
        "createdAt": "2021-11-11T14:53:50.858Z",
        "updatedAt": "2021-11-11T14:53:50.858Z",
        "favorited": false,
        "favoritesCount": 0,
        "author": {
            "username": "testuserMarla",
            "bio": "",
            "image": null,
            "following": false
        }
    }
}
Request method:	GET
Request URI:	http://localhost:9000/api/articles?author=testuserMarla
Proxy:			<none>
Request params:	<none>
Query params:	author=testuserMarla
Form params:	<none>
Path params:	<none>
Headers:		Accept=*/*
				Content-Type=application/json
Cookies:		<none>
Multiparts:		<none>
Body:			<none>
HTTP/1.1 200 OK
Date: Thu, 11 Nov 2021 14:53:51 GMT
Content-Type: application/json;charset=utf-8
access-control-allow-origin: null
access-control-allow-headers: content-type, authorization
access-control-allow-methods: GET, POST, PUT, DELETE, OPTIONS, TRACE, PATCH, PURGE, HEAD
access-control-allow-credentials: true
Content-Length: 535
Server: Jetty(9.4.22.v20191022)

{
    "articles": [
        {
            "slug": "Exercitationem-solut",
            "title": "Exercitationem solut",
            "description": "Ut impedit quaerat aut et officia nemo.",
            "body": "Est unde dolorem repudiandae consequatur id. Quo pariatur nam explicabo beatae iure cupiditate. Itaque maiores eum. Eos fuga soluta voluptatibus placeat.",
            "tagList": [
                "Facil",
                "Asper"
            ],
            "createdAt": "2021-11-11T14:53:50.858Z",
            "updatedAt": "2021-11-11T14:53:50.858Z",
            "favorited": false,
            "favoritesCount": 0,
            "author": {
                "username": "testuserMarla",
                "bio": "",
                "image": null,
                "following": false
            }
        }
    ],
    "articlesCount": 1
}
2021-11-11 14:53:51 INFO  CreateArticleTest:39 - testCreateArticleWithSpecialCharacters success
]]></system-out>
  </testcase>
</testsuite>