<?xml version="1.0" encoding="UTF-8"?>
<!-- Generated by org.testng.reporters.JUnitXMLReporter -->
<testsuite hostname="Mac-1636637549507.local" ignored="0" name="AnjiRestTest" tests="3" failures="0" timestamp="11 Nov 2021 13:57:36 GMT" time="5.49" errors="0">
  <testcase name="testArticleCannotBeCreatedWithoutAuthorization" time="0.472" classname="com.anji.test.CreateArticleTest"/>
  <testcase name="testCreateArticle" time="1.26" classname="com.anji.test.CreateArticleTest"/>
  <testcase name="testCreateArticleWithSpecialCharacters" time="0.944" classname="com.anji.test.CreateArticleTest"/>
</testsuite> <!-- AnjiRestTest -->
