<?xml version="1.0" encoding="UTF-8"?>
<!-- Generated by org.testng.reporters.JUnitXMLReporter -->
<testsuite hostname="Mac-1636642236758.local" ignored="0" name="AnjiRestTest" tests="3" failures="0" timestamp="11 Nov 2021 14:53:51 GMT" time="5.451" errors="0">
  <testcase name="testArticleCannotBeCreatedWithoutAuthorization" time="0.565" classname="com.anji.test.CreateArticleTest"/>
  <testcase name="testCreateArticle" time="1.229" classname="com.anji.test.CreateArticleTest"/>
  <testcase name="testCreateArticleWithSpecialCharacters" time="0.915" classname="com.anji.test.CreateArticleTest"/>
</testsuite> <!-- AnjiRestTest -->
